生成启动时间为 2017/12/13 11:48:57。
     1>项目“E:\陈玉红-水声换能器测量\20171212回转所有功能\turntable\turntable\turntable.vcxproj”在节点 2 上(build 个目标)。
     1>InitializeBuildStatus:
         正在创建“Debug\turntable.unsuccessfulbuild”，因为已指定“AlwaysCreate”。
       ClCompile:
         所有输出均为最新。
         所有输出均为最新。
       ResourceCompile:
         所有输出均为最新。
       ManifestResourceCompile:
         所有输出均为最新。
       Link:
         所有输出均为最新。
       Manifest:
         C:\Program Files (x86)\Microsoft SDKs\Windows\v7.0A\bin\mt.exe /nologo /verbose /out:"Debug\turntable.exe.embed.manifest" /manifest Debug\turntable.exe.intermediate.manifest "D:\installSoftware\Microsoft Visual Studio 10.0\VC\Include\Manifest\dpiaware.manifest"
         所有输出均为最新。
       FinalizeBuildStatus:
         正在删除文件“Debug\turntable.unsuccessfulbuild”。
         正在对“Debug\turntable.lastbuildstate”执行 Touch 任务。
     1>已完成生成项目“E:\陈玉红-水声换能器测量\20171212回转所有功能\turntable\turntable\turntable.vcxproj”(build 个目标)的操作。

生成成功。

已用时间 00:00:00.10
