E:\陈玉红-水声换能器测量\回转VS2010\TURNTABLE\DEBUG\TURNTABLE.EXE
E:\陈玉红-水声换能器测量\回转VS2010\TURNTABLE\DEBUG\TURNTABLE.ILK
E:\陈玉红-水声换能器测量\回转VS2010\TURNTABLE\DEBUG\TURNTABLE.PDB
E:\陈玉红-水声换能器测量\回转VS2010\turntable\turntable\Debug\cl.command.1.tlog
E:\陈玉红-水声换能器测量\回转VS2010\turntable\turntable\Debug\CL.read.1.tlog
E:\陈玉红-水声换能器测量\回转VS2010\turntable\turntable\Debug\CL.write.1.tlog
E:\陈玉红-水声换能器测量\回转VS2010\turntable\turntable\Debug\link.6856.read.1.tlog
E:\陈玉红-水声换能器测量\回转VS2010\turntable\turntable\Debug\link.6856.write.1.tlog
E:\陈玉红-水声换能器测量\回转VS2010\turntable\turntable\Debug\link.6856-cvtres.read.1.tlog
E:\陈玉红-水声换能器测量\回转VS2010\turntable\turntable\Debug\link.6856-cvtres.write.1.tlog
E:\陈玉红-水声换能器测量\回转VS2010\turntable\turntable\Debug\link.command.1.tlog
E:\陈玉红-水声换能器测量\回转VS2010\turntable\turntable\Debug\link.read.1.tlog
E:\陈玉红-水声换能器测量\回转VS2010\turntable\turntable\Debug\link.write.1.tlog
E:\陈玉红-水声换能器测量\回转VS2010\turntable\turntable\Debug\link-cvtres.read.1.tlog
E:\陈玉红-水声换能器测量\回转VS2010\turntable\turntable\Debug\link-cvtres.write.1.tlog
E:\陈玉红-水声换能器测量\回转VS2010\TURNTABLE\TURNTABLE\DEBUG\MSCOMM1.OBJ
E:\陈玉红-水声换能器测量\回转VS2010\turntable\turntable\Debug\mt.command.1.tlog
E:\陈玉红-水声换能器测量\回转VS2010\turntable\turntable\Debug\mt.read.1.tlog
E:\陈玉红-水声换能器测量\回转VS2010\turntable\turntable\Debug\mt.write.1.tlog
E:\陈玉红-水声换能器测量\回转VS2010\turntable\turntable\Debug\rc.command.1.tlog
E:\陈玉红-水声换能器测量\回转VS2010\turntable\turntable\Debug\rc.read.1.tlog
E:\陈玉红-水声换能器测量\回转VS2010\turntable\turntable\Debug\rc.write.1.tlog
E:\陈玉红-水声换能器测量\回转VS2010\TURNTABLE\TURNTABLE\DEBUG\STDAFX.OBJ
E:\陈玉红-水声换能器测量\回转VS2010\TURNTABLE\TURNTABLE\DEBUG\TURNTABLE.EXE.EMBED.MANIFEST
E:\陈玉红-水声换能器测量\回转VS2010\TURNTABLE\TURNTABLE\DEBUG\TURNTABLE.EXE.EMBED.MANIFEST.RES
E:\陈玉红-水声换能器测量\回转VS2010\TURNTABLE\TURNTABLE\DEBUG\TURNTABLE.EXE.INTERMEDIATE.MANIFEST
E:\陈玉红-水声换能器测量\回转VS2010\TURNTABLE\TURNTABLE\DEBUG\TURNTABLE.OBJ
E:\陈玉红-水声换能器测量\回转VS2010\TURNTABLE\TURNTABLE\DEBUG\TURNTABLE.PCH
E:\陈玉红-水声换能器测量\回转VS2010\TURNTABLE\TURNTABLE\DEBUG\TURNTABLE.RES
E:\陈玉红-水声换能器测量\回转VS2010\turntable\turntable\Debug\turntable.vcxprojResolveAssemblyReference.cache
E:\陈玉红-水声换能器测量\回转VS2010\turntable\turntable\Debug\turntable.write.1.tlog
E:\陈玉红-水声换能器测量\回转VS2010\turntable\turntable\Debug\turntable_manifest.rc
E:\陈玉红-水声换能器测量\回转VS2010\TURNTABLE\TURNTABLE\DEBUG\TURNTABLEDLG.OBJ
E:\陈玉红-水声换能器测量\回转VS2010\turntable\turntable\Debug\vc100.idb
E:\陈玉红-水声换能器测量\回转VS2010\TURNTABLE\TURNTABLE\DEBUG\VC100.PDB
